app/build/intermediates/manifest_merge_blame_file/release/processReleaseMainManifest/manifest-merger-blame-release-report.txt
1<?xml version="1.0" encoding="utf-8"?>
2<manifest xmlns:android="http://schemas.android.com/apk/res/android"
3    package="com.rizzoplayer.iptv"
4    android:versionCode="1"
5    android:versionName="1.0.0" >
6
7    <uses-sdk
8        android:minSdkVersion="23"
9        android:targetSdkVersion="34" />
10
11    <uses-permission android:name="android.permission.INTERNET" />
11-->src/main/AndroidManifest.xml:4:5-67
11-->src/main/AndroidManifest.xml:4:22-64
12    <uses-permission android:name="android.permission.ACCESS_NETWORK_STATE" />
12-->src/main/AndroidManifest.xml:5:5-79
12-->src/main/AndroidManifest.xml:5:22-76
13
14    <!-- TV declarations -->
15    <uses-feature
15-->src/main/AndroidManifest.xml:8:5-10:36
16        android:name="android.hardware.touchscreen"
16-->src/main/AndroidManifest.xml:9:9-52
17        android:required="false" />
17-->src/main/AndroidManifest.xml:10:9-33
18    <uses-feature
18-->src/main/AndroidManifest.xml:11:5-13:36
19        android:name="android.software.leanback"
19-->src/main/AndroidManifest.xml:12:9-49
20        android:required="false" />
20-->src/main/AndroidManifest.xml:13:9-33
21
22    <permission
22-->[androidx.core:core:1.13.1] AndroidManifest.xml:22:5-24:47
23        android:name="com.rizzoplayer.iptv.DYNAMIC_RECEIVER_NOT_EXPORTED_PERMISSION"
23-->[androidx.core:core:1.13.1] AndroidManifest.xml:23:9-81
24        android:protectionLevel="signature" />
24-->[androidx.core:core:1.13.1] AndroidManifest.xml:24:9-44
25
26    <uses-permission android:name="com.rizzoplayer.iptv.DYNAMIC_RECEIVER_NOT_EXPORTED_PERMISSION" />
26-->[androidx.core:core:1.13.1] AndroidManifest.xml:26:5-97
26-->[androidx.core:core:1.13.1] AndroidManifest.xml:26:22-94
27
28    <application
28-->src/main/AndroidManifest.xml:15:5-49:19
29        android:name="com.rizzoplayer.iptv.RizzoApp"
29-->src/main/AndroidManifest.xml:16:9-33
30        android:allowBackup="true"
30-->src/main/AndroidManifest.xml:17:9-35
31        android:appComponentFactory="androidx.core.app.CoreComponentFactory"
31-->[androidx.core:core:1.13.1] AndroidManifest.xml:28:18-86
32        android:banner="@drawable/tv_banner"
32-->src/main/AndroidManifest.xml:18:9-45
33        android:extractNativeLibs="false"
34        android:icon="@mipmap/ic_launcher"
34-->src/main/AndroidManifest.xml:19:9-43
35        android:label="@string/app_name"
35-->src/main/AndroidManifest.xml:20:9-41
36        android:roundIcon="@mipmap/ic_launcher_round"
36-->src/main/AndroidManifest.xml:21:9-54
37        android:supportsRtl="true"
37-->src/main/AndroidManifest.xml:22:9-35
38        android:theme="@style/Theme.RizzoIPTVPlayer"
38-->src/main/AndroidManifest.xml:24:9-53
39        android:usesCleartextTraffic="true" >
39-->src/main/AndroidManifest.xml:23:9-44
40        <activity
40-->src/main/AndroidManifest.xml:26:9-38:20
41            android:name="com.rizzoplayer.iptv.MainActivity"
41-->src/main/AndroidManifest.xml:27:13-41
42            android:configChanges="keyboard|keyboardHidden|navigation|orientation|screenLayout|screenSize|smallestScreenSize"
42-->src/main/AndroidManifest.xml:28:13-126
43            android:exported="true"
43-->src/main/AndroidManifest.xml:29:13-36
44            android:launchMode="singleTop" >
44-->src/main/AndroidManifest.xml:30:13-43
45            <intent-filter>
45-->src/main/AndroidManifest.xml:31:13-37:29
46                <action android:name="android.intent.action.MAIN" />
46-->src/main/AndroidManifest.xml:32:17-69
46-->src/main/AndroidManifest.xml:32:25-66
47                <!-- Phone/tablet launcher -->
48                <category android:name="android.intent.category.LAUNCHER" />
48-->src/main/AndroidManifest.xml:34:17-77
48-->src/main/AndroidManifest.xml:34:27-74
49                <!-- Google TV / Android TV launcher -->
50                <category android:name="android.intent.category.LEANBACK_LAUNCHER" />
50-->src/main/AndroidManifest.xml:36:17-86
50-->src/main/AndroidManifest.xml:36:27-83
51            </intent-filter>
52        </activity>
53        <activity
53-->src/main/AndroidManifest.xml:40:9-47:67
54            android:name="com.rizzoplayer.iptv.ui.player.PlayerActivity"
54-->src/main/AndroidManifest.xml:41:13-53
55            android:configChanges="keyboard|keyboardHidden|navigation|orientation|screenLayout|screenSize|screenSize|smallestScreenSize"
55-->src/main/AndroidManifest.xml:42:13-137
56            android:exported="false"
56-->src/main/AndroidManifest.xml:43:13-37
57            android:launchMode="singleTop"
57-->src/main/AndroidManifest.xml:44:13-43
58            android:screenOrientation="landscape"
58-->src/main/AndroidManifest.xml:45:13-50
59            android:supportsPictureInPicture="true"
59-->src/main/AndroidManifest.xml:46:13-52
60            android:theme="@style/Theme.RizzoIPTVPlayer.Player" />
60-->src/main/AndroidManifest.xml:47:13-64
61
62        <provider
62-->[androidx.emoji2:emoji2:1.3.0] AndroidManifest.xml:24:9-32:20
63            android:name="androidx.startup.InitializationProvider"
63-->[androidx.emoji2:emoji2:1.3.0] AndroidManifest.xml:25:13-67
64            android:authorities="com.rizzoplayer.iptv.androidx-startup"
64-->[androidx.emoji2:emoji2:1.3.0] AndroidManifest.xml:26:13-68
65            android:exported="false" >
65-->[androidx.emoji2:emoji2:1.3.0] AndroidManifest.xml:27:13-37
66            <meta-data
66-->[androidx.emoji2:emoji2:1.3.0] AndroidManifest.xml:29:13-31:52
67                android:name="androidx.emoji2.text.EmojiCompatInitializer"
67-->[androidx.emoji2:emoji2:1.3.0] AndroidManifest.xml:30:17-75
68                android:value="androidx.startup" />
68-->[androidx.emoji2:emoji2:1.3.0] AndroidManifest.xml:31:17-49
69            <meta-data
69-->[androidx.lifecycle:lifecycle-process:2.7.0] AndroidManifest.xml:29:13-31:52
70                android:name="androidx.lifecycle.ProcessLifecycleInitializer"
70-->[androidx.lifecycle:lifecycle-process:2.7.0] AndroidManifest.xml:30:17-78
71                android:value="androidx.startup" />
71-->[androidx.lifecycle:lifecycle-process:2.7.0] AndroidManifest.xml:31:17-49
72            <meta-data
72-->[androidx.profileinstaller:profileinstaller:1.3.1] AndroidManifest.xml:29:13-31:52
73                android:name="androidx.profileinstaller.ProfileInstallerInitializer"
73-->[androidx.profileinstaller:profileinstaller:1.3.1] AndroidManifest.xml:30:17-85
74                android:value="androidx.startup" />
74-->[androidx.profileinstaller:profileinstaller:1.3.1] AndroidManifest.xml:31:17-49
75        </provider>
76
77        <receiver
77-->[androidx.profileinstaller:profileinstaller:1.3.1] AndroidManifest.xml:34:9-52:20
78            android:name="androidx.profileinstaller.ProfileInstallReceiver"
78-->[androidx.profileinstaller:profileinstaller:1.3.1] AndroidManifest.xml:35:13-76
79            android:directBootAware="false"
79-->[androidx.profileinstaller:profileinstaller:1.3.1] AndroidManifest.xml:36:13-44
80            android:enabled="true"
80-->[androidx.profileinstaller:profileinstaller:1.3.1] AndroidManifest.xml:37:13-35
81            android:exported="true"
81-->[androidx.profileinstaller:profileinstaller:1.3.1] AndroidManifest.xml:38:13-36
82            android:permission="android.permission.DUMP" >
82-->[androidx.profileinstaller:profileinstaller:1.3.1] AndroidManifest.xml:39:13-57
83            <intent-filter>
83-->[androidx.profileinstaller:profileinstaller:1.3.1] AndroidManifest.xml:40:13-42:29
84                <action android:name="androidx.profileinstaller.action.INSTALL_PROFILE" />
84-->[androidx.profileinstaller:profileinstaller:1.3.1] AndroidManifest.xml:41:17-91
84-->[androidx.profileinstaller:profileinstaller:1.3.1] AndroidManifest.xml:41:25-88
85            </intent-filter>
86            <intent-filter>
86-->[androidx.profileinstaller:profileinstaller:1.3.1] AndroidManifest.xml:43:13-45:29
87                <action android:name="androidx.profileinstaller.action.SKIP_FILE" />
87-->[androidx.profileinstaller:profileinstaller:1.3.1] AndroidManifest.xml:44:17-85
87-->[androidx.profileinstaller:profileinstaller:1.3.1] AndroidManifest.xml:44:25-82
88            </intent-filter>
89            <intent-filter>
89-->[androidx.profileinstaller:profileinstaller:1.3.1] AndroidManifest.xml:46:13-48:29
90                <action android:name="androidx.profileinstaller.action.SAVE_PROFILE" />
90-->[androidx.profileinstaller:profileinstaller:1.3.1] AndroidManifest.xml:47:17-88
90-->[androidx.profileinstaller:profileinstaller:1.3.1] AndroidManifest.xml:47:25-85
91            </intent-filter>
92            <intent-filter>
92-->[androidx.profileinstaller:profileinstaller:1.3.1] AndroidManifest.xml:49:13-51:29
93                <action android:name="androidx.profileinstaller.action.BENCHMARK_OPERATION" />
93-->[androidx.profileinstaller:profileinstaller:1.3.1] AndroidManifest.xml:50:17-95
93-->[androidx.profileinstaller:profileinstaller:1.3.1] AndroidManifest.xml:50:25-92
94            </intent-filter>
95        </receiver>
96    </application>
97
98</manifest>